<?xml version="1.0" encoding="UTF-8"?>
<!-- Generated by org.testng.reporters.JUnitReportReporter -->
<testsuite hostname="Shubham-Laptop" failures="0" tests="1" name="testCases.Tc_001_AccountRegistrationTest" time="4.468" errors="0" timestamp="2024-04-06T16:21:38 IST" skipped="0">
  <testcase classname="testCases.Tc_001_AccountRegistrationTest" name="verify_account_registration" time="4.468"/>
</testsuite> <!-- testCases.Tc_001_AccountRegistrationTest -->
