<?xml version="1.0" encoding="UTF-8"?>
<!-- Generated by org.testng.reporters.JUnitReportReporter -->
<testsuite hostname="Shubham-Laptop" failures="0" tests="1" name="testCases.TC_002_LoginTest" time="1.930" errors="0" timestamp="2024-04-06T18:47:22 IST" skipped="0">
  <testcase classname="testCases.TC_002_LoginTest" name="verify_login" time="1.930"/>
</testsuite> <!-- testCases.TC_002_LoginTest -->
